<?xml version="1.0" encoding="UTF-8"?>
<testng-results ignored="0" total="1" passed="0" failed="1" skipped="0">
  <reporter-output>
  </reporter-output>
  <suite started-at="2022-09-06T14:34:09 IST" name="Default suite" finished-at="2022-09-06T14:34:15 IST" duration-ms="5130">
    <groups>
      <group name="cucumber">
        <method signature="AbstractTestNGCucumberTests.runScenario(io.cucumber.testng.PickleWrapper,io.cucumber.testng.FeatureWrapper)[pri:0, instance:com.runner.TestRunner@8f2ef19]" name="runScenario" class="io.cucumber.testng.AbstractTestNGCucumberTests"/>
      </group> <!-- cucumber -->
    </groups>
    <test started-at="2022-09-06T14:34:09 IST" name="Default test" finished-at="2022-09-06T14:34:15 IST" duration-ms="5130">
      <class name="com.runner.TestRunner">
        <test-method is-config="true" signature="setUpClass(org.testng.ITestContext)[pri:0, instance:com.runner.TestRunner@8f2ef19]" started-at="2022-09-06T14:34:09 IST" name="setUpClass" finished-at="2022-09-06T14:34:10 IST" duration-ms="160" status="PASS">
          <params>
            <param index="0">
              <value>
                <![CDATA[org.testng.TestRunner@15639440]]>
              </value>
            </param>
          </params>
          <reporter-output>
          </reporter-output>
        </test-method> <!-- setUpClass -->
        <test-method signature="runScenario(io.cucumber.testng.PickleWrapper,io.cucumber.testng.FeatureWrapper)[pri:0, instance:com.runner.TestRunner@8f2ef19]" started-at="2022-09-06T14:34:10 IST" name="runScenario" description="Runs Cucumber Scenarios" data-provider="scenarios" finished-at="2022-09-06T14:34:15 IST" duration-ms="4913" status="FAIL">
          <params>
            <param index="0">
              <value>
                <![CDATA["verification of login"]]>
              </value>
            </param>
            <param index="1">
              <value>
                <![CDATA["verification of login"]]>
              </value>
            </param>
          </params>
          <exception class="io.cucumber.java.PendingException">
            <message>
              <![CDATA[TODO: implement me]]>
            </message>
            <full-stacktrace>
              <![CDATA[io.cucumber.java.PendingException: TODO: implement me
at com.loginPage.StepDefinition.user_is_on_home_screen(StepDefinition.java:37)
at ✽.User is on home screen(file:///C:/Users/QQA0471/eclipse-workspace/Test1/Resources/Sample.feature:25)
]]>
            </full-stacktrace>
          </exception> <!-- io.cucumber.java.PendingException -->
          <reporter-output>
          </reporter-output>
        </test-method> <!-- runScenario -->
        <test-method is-config="true" signature="tearDownClass()[pri:0, instance:com.runner.TestRunner@8f2ef19]" started-at="2022-09-06T14:34:15 IST" name="tearDownClass" finished-at="2022-09-06T14:34:15 IST" duration-ms="15" status="PASS">
          <reporter-output>
          </reporter-output>
        </test-method> <!-- tearDownClass -->
      </class> <!-- com.runner.TestRunner -->
    </test> <!-- Default test -->
  </suite> <!-- Default suite -->
</testng-results>
