<?xml version="1.0" encoding="UTF-8"?>
<!-- Generated by org.testng.reporters.JUnitReportReporter -->
<testsuite hostname="QQSPLOXLTP0030" failures="0" tests="1" name="com.runner.TestRunner" time="4.913" errors="1" timestamp="2022-09-06T14:34:15 IST" skipped="0">
  <testcase classname="com.runner.TestRunner" name="runScenario" time="4.913">
    <error message="TODO: implement me" type="io.cucumber.java.PendingException">
      <![CDATA[io.cucumber.java.PendingException: TODO: implement me
at com.loginPage.StepDefinition.user_is_on_home_screen(StepDefinition.java:37)
at ✽.User is on home screen(file:///C:/Users/QQA0471/eclipse-workspace/Test1/Resources/Sample.feature:25)
]]>
    </error>
  </testcase> <!-- runScenario -->
  <system-out/>
</testsuite> <!-- com.runner.TestRunner -->
