<?xml version="1.0" encoding="UTF-8"?>
<!-- Generated by org.testng.reporters.JUnitXMLReporter -->
<testsuite ignored="0" hostname="QQSPLOXLTP0030" failures="1" tests="1" name="Default test" time="5.13" errors="0" timestamp="2022-09-06T14:34:15 IST">
  <testcase classname="io.cucumber.testng.AbstractTestNGCucumberTests" name="runScenario" time="4.913">
    <failure type="io.cucumber.java.PendingException" message="TODO: implement me">
      <![CDATA[io.cucumber.java.PendingException: TODO: implement me
at com.loginPage.StepDefinition.user_is_on_home_screen(StepDefinition.java:37)
at ✽.User is on home screen(file:///C:/Users/QQA0471/eclipse-workspace/Test1/Resources/Sample.feature:25)
]]>
    </failure>
  </testcase> <!-- runScenario -->
</testsuite> <!-- Default test -->
